<?xml version="1.0" encoding="UTF-8"?>
<robot generator="Robot 7.1.1 (Python 3.13.1 on win32)" generated="2024-12-31T01:05:25.056549" rpa="false" schemaversion="5">
<suite id="s1" name="Handling Drpdowns and Lists" source="C:\Users\prati\PycharmProjects\Automation\Drop-down_and_List-boxes\Handling_Drpdowns_and_Lists.robot">
<test id="s1-t1" name="Handling drpdowns and texts" line="9">
<kw name="Open Browser" owner="SeleniumLibrary">
<msg time="2024-12-31T01:05:25.314379" level="INFO">Opening browser 'chrome' to base url 'https://qavbox.github.io/demo/signup/'.</msg>
<arg>${url}</arg>
<arg>${browser}</arg>
<doc>Opens a new browser instance to the optional ``url``.</doc>
<status status="PASS" start="2024-12-31T01:05:25.314149" elapsed="3.144801"/>
</kw>
<kw name="Maximize Browser Window" owner="SeleniumLibrary">
<doc>Maximizes current browser window.</doc>
<status status="PASS" start="2024-12-31T01:05:28.459505" elapsed="0.037201"/>
</kw>
<kw name="Set Selenium Speed" owner="SeleniumLibrary">
<arg>1seconds</arg>
<doc>Sets the delay that is waited after each Selenium command.</doc>
<status status="PASS" start="2024-12-31T01:05:28.497035" elapsed="0.000203"/>
</kw>
<kw name="Select From List By Index" owner="SeleniumLibrary">
<msg time="2024-12-31T01:05:28.497723" level="INFO">Selecting options from selection list 'sgender' by index 2.</msg>
<arg>sgender</arg>
<arg>2</arg>
<doc>Selects options from selection list ``locator`` by ``indexes``.</doc>
<status status="PASS" start="2024-12-31T01:05:28.497436" elapsed="10.267652"/>
</kw>
<kw name="Select From List By Value" owner="SeleniumLibrary">
<msg time="2024-12-31T01:05:38.766746" level="INFO">Selecting options from selection list 'sgender' by value male.</msg>
<arg>sgender</arg>
<arg>male</arg>
<doc>Selects options from selection list ``locator`` by ``values``.</doc>
<status status="PASS" start="2024-12-31T01:05:38.766069" elapsed="7.151139"/>
</kw>
<kw name="Select From List By Label" owner="SeleniumLibrary">
<msg time="2024-12-31T01:05:45.917637" level="INFO">Selecting options from selection list 'tools' by label Selenium.</msg>
<arg>tools</arg>
<arg>Selenium</arg>
<doc>Selects options from selection list ``locator`` by ``labels``.</doc>
<status status="PASS" start="2024-12-31T01:05:45.917469" elapsed="7.138610"/>
</kw>
<kw name="Select From List By Label" owner="SeleniumLibrary">
<msg time="2024-12-31T01:05:53.057645" level="INFO">Selecting options from selection list 'tools' by label Cypress.</msg>
<arg>tools</arg>
<arg>Cypress</arg>
<doc>Selects options from selection list ``locator`` by ``labels``.</doc>
<status status="PASS" start="2024-12-31T01:05:53.057050" elapsed="7.180479"/>
</kw>
<kw name="Unselect From List By Label" owner="SeleniumLibrary">
<msg time="2024-12-31T01:06:00.239096" level="INFO">Un-selecting options from selection list 'tools' by label Selenium.</msg>
<arg>tools</arg>
<arg>Selenium</arg>
<doc>Unselects options from selection list ``locator`` by ``labels``.</doc>
<status status="PASS" start="2024-12-31T01:06:00.238487" elapsed="6.178710"/>
</kw>
<status status="PASS" start="2024-12-31T01:05:25.313209" elapsed="41.105004"/>
</test>
<status status="PASS" start="2024-12-31T01:05:25.057741" elapsed="41.363081"/>
</suite>
<statistics>
<total>
<stat pass="1" fail="0" skip="0">All Tests</stat>
</total>
<tag>
</tag>
<suite>
<stat pass="1" fail="0" skip="0" id="s1" name="Handling Drpdowns and Lists">Handling Drpdowns and Lists</stat>
</suite>
</statistics>
<errors>
</errors>
</robot>
